0 verbose cli D:\node.exe C:\Users\computer hub\AppData\Roaming\npm\node_modules\npm\bin\npm-cli.js
1 info using npm@11.6.0
2 info using node@v22.14.0
3 silly config load:file:C:\Users\computer hub\AppData\Roaming\npm\node_modules\npm\npmrc
4 silly config load:file:C:\Users\computer hub\Desktop\New folder\.npmrc
5 silly config load:file:C:\Users\computer hub\.npmrc
6 silly config load:file:C:\Users\computer hub\AppData\Roaming\npm\etc\npmrc
7 verbose title npm install
8 verbose argv "install"
9 verbose logfile logs-max:10 dir:C:\Users\computer hub\Desktop\New folder\%APPDATA%\npm-cache\_logs\2025-10-29T10_41_21_289Z-
10 verbose logfile C:\Users\computer hub\Desktop\New folder\%APPDATA%\npm-cache\_logs\2025-10-29T10_41_21_289Z-debug-0.log
11 silly logfile done cleaning log files
12 silly packumentCache heap:2197815296 maxSize:549453824 maxEntrySize:274726912
13 silly idealTree buildDeps
14 silly fetch manifest express@^4.18.2
15 silly packumentCache full:https://registry.npmjs.org/express cache-miss
16 http fetch GET 200 https://registry.npmjs.org/npm 508ms
17 http fetch GET 200 https://registry.npmjs.org/express 311ms (cache miss)
18 silly packumentCache full:https://registry.npmjs.org/express set size:undefined disposed:false
19 silly fetch manifest cors@^2.8.5
20 silly packumentCache full:https://registry.npmjs.org/cors cache-miss
21 http fetch GET 200 https://registry.npmjs.org/cors 89ms (cache miss)
22 silly packumentCache full:https://registry.npmjs.org/cors set size:undefined disposed:false
23 silly fetch manifest dotenv@^16.3.1
24 silly packumentCache full:https://registry.npmjs.org/dotenv cache-miss
25 http fetch GET 200 https://registry.npmjs.org/dotenv 89ms (cache miss)
26 silly packumentCache full:https://registry.npmjs.org/dotenv set size:undefined disposed:false
27 silly fetch manifest nodemon@^3.0.1
28 silly packumentCache full:https://registry.npmjs.org/nodemon cache-miss
29 http fetch GET 200 https://registry.npmjs.org/nodemon 101ms (cache miss)
30 silly packumentCache full:https://registry.npmjs.org/nodemon set size:undefined disposed:false
31 silly placeDep ROOT cors@2.8.5 OK for: glowup-cosmetics-backend@1.0.0 want: ^2.8.5
32 silly placeDep ROOT dotenv@16.6.1 OK for: glowup-cosmetics-backend@1.0.0 want: ^16.3.1
33 silly placeDep ROOT express@4.21.2 OK for: glowup-cosmetics-backend@1.0.0 want: ^4.18.2
34 silly placeDep ROOT nodemon@3.1.10 OK for: glowup-cosmetics-backend@1.0.0 want: ^3.0.1
35 silly fetch manifest vary@^1
36 silly packumentCache full:https://registry.npmjs.org/vary cache-miss
37 silly fetch manifest object-assign@^4
38 silly packumentCache full:https://registry.npmjs.org/object-assign cache-miss
39 silly fetch manifest qs@6.13.0
40 silly packumentCache full:https://registry.npmjs.org/qs cache-miss
41 http fetch GET 200 https://registry.npmjs.org/vary 784ms (cache miss)
42 silly packumentCache full:https://registry.npmjs.org/vary set size:undefined disposed:false
43 silly fetch manifest depd@2.0.0
44 silly packumentCache full:https://registry.npmjs.org/depd cache-miss
45 http fetch GET 200 https://registry.npmjs.org/object-assign 813ms (cache miss)
46 silly packumentCache full:https://registry.npmjs.org/object-assign set size:undefined disposed:false
47 silly fetch manifest etag@~1.8.1
48 silly packumentCache full:https://registry.npmjs.org/etag cache-miss
49 http fetch GET 200 https://registry.npmjs.org/qs 1061ms (cache miss)
50 silly packumentCache full:https://registry.npmjs.org/qs set size:undefined disposed:false
51 silly fetch manifest send@0.19.0
52 silly packumentCache full:https://registry.npmjs.org/send cache-miss
53 http fetch GET 200 https://registry.npmjs.org/depd 288ms (cache miss)
54 silly packumentCache full:https://registry.npmjs.org/depd set size:undefined disposed:false
55 silly fetch manifest vary@~1.1.2
56 silly packumentCache full:https://registry.npmjs.org/vary cache-miss
57 http fetch GET 200 https://registry.npmjs.org/etag 269ms (cache miss)
58 silly packumentCache full:https://registry.npmjs.org/etag set size:undefined disposed:false
59 silly fetch manifest debug@2.6.9
60 silly packumentCache full:https://registry.npmjs.org/debug cache-miss
61 http cache https://registry.npmjs.org/vary 58ms (cache hit)
62 silly packumentCache full:https://registry.npmjs.org/vary set size:16018 disposed:false
63 silly fetch manifest fresh@0.5.2
64 silly packumentCache full:https://registry.npmjs.org/fresh cache-miss
65 http fetch GET 200 https://registry.npmjs.org/send 101ms (cache miss)
66 silly packumentCache full:https://registry.npmjs.org/send set size:undefined disposed:false
67 silly fetch manifest cookie@0.7.1
68 silly packumentCache full:https://registry.npmjs.org/cookie cache-miss
69 http fetch GET 200 https://registry.npmjs.org/fresh 133ms (cache miss)
70 silly packumentCache full:https://registry.npmjs.org/fresh set size:undefined disposed:false
71 silly fetch manifest accepts@~1.3.8
72 silly packumentCache full:https://registry.npmjs.org/accepts cache-miss
73 http fetch GET 200 https://registry.npmjs.org/debug 223ms (cache miss)
74 silly packumentCache full:https://registry.npmjs.org/debug set size:undefined disposed:false
75 silly fetch manifest methods@~1.1.2
76 silly packumentCache full:https://registry.npmjs.org/methods cache-miss
77 http fetch GET 200 https://registry.npmjs.org/cookie 359ms (cache miss)
78 silly packumentCache full:https://registry.npmjs.org/cookie set size:undefined disposed:false
79 silly fetch manifest type-is@~1.6.18
80 silly packumentCache full:https://registry.npmjs.org/type-is cache-miss
81 http fetch GET 200 https://registry.npmjs.org/accepts 510ms (cache miss)
82 silly packumentCache full:https://registry.npmjs.org/accepts set size:undefined disposed:false
83 silly fetch manifest parseurl@~1.3.3
84 silly packumentCache full:https://registry.npmjs.org/parseurl cache-miss
85 http fetch GET 200 https://registry.npmjs.org/methods 466ms (cache miss)
86 silly packumentCache full:https://registry.npmjs.org/methods set size:undefined disposed:false
87 silly fetch manifest statuses@2.0.1
88 silly packumentCache full:https://registry.npmjs.org/statuses cache-miss
89 http fetch GET 200 https://registry.npmjs.org/type-is 287ms (cache miss)
90 silly packumentCache full:https://registry.npmjs.org/type-is set size:undefined disposed:false
91 silly fetch manifest encodeurl@~2.0.0
92 silly packumentCache full:https://registry.npmjs.org/encodeurl cache-miss
93 http fetch GET 200 https://registry.npmjs.org/parseurl 96ms (cache miss)
94 silly packumentCache full:https://registry.npmjs.org/parseurl set size:undefined disposed:false
95 silly fetch manifest proxy-addr@~2.0.7
96 silly packumentCache full:https://registry.npmjs.org/proxy-addr cache-miss
97 http fetch GET 200 https://registry.npmjs.org/statuses 97ms (cache miss)
98 silly packumentCache full:https://registry.npmjs.org/statuses set size:undefined disposed:false
99 silly fetch manifest body-parser@1.20.3
100 silly packumentCache full:https://registry.npmjs.org/body-parser cache-miss
101 http fetch GET 200 https://registry.npmjs.org/encodeurl 83ms (cache miss)
102 silly packumentCache full:https://registry.npmjs.org/encodeurl set size:undefined disposed:false
103 silly fetch manifest escape-html@~1.0.3
104 silly packumentCache full:https://registry.npmjs.org/escape-html cache-miss
105 http fetch GET 200 https://registry.npmjs.org/proxy-addr 102ms (cache miss)
106 silly packumentCache full:https://registry.npmjs.org/proxy-addr set size:undefined disposed:false
107 silly fetch manifest http-errors@2.0.0
108 silly packumentCache full:https://registry.npmjs.org/http-errors cache-miss
109 http fetch GET 200 https://registry.npmjs.org/escape-html 87ms (cache miss)
110 silly packumentCache full:https://registry.npmjs.org/escape-html set size:undefined disposed:false
111 silly fetch manifest on-finished@2.4.1
112 silly packumentCache full:https://registry.npmjs.org/on-finished cache-miss
113 http fetch GET 200 https://registry.npmjs.org/body-parser 115ms (cache miss)
114 silly packumentCache full:https://registry.npmjs.org/body-parser set size:undefined disposed:false
115 silly fetch manifest safe-buffer@5.2.1
116 silly packumentCache full:https://registry.npmjs.org/safe-buffer cache-miss
117 http fetch GET 200 https://registry.npmjs.org/http-errors 67ms (cache miss)
118 silly packumentCache full:https://registry.npmjs.org/http-errors set size:undefined disposed:false
119 silly fetch manifest utils-merge@1.0.1
120 silly packumentCache full:https://registry.npmjs.org/utils-merge cache-miss
121 http fetch GET 200 https://registry.npmjs.org/on-finished 88ms (cache miss)
122 silly packumentCache full:https://registry.npmjs.org/on-finished set size:undefined disposed:false
123 silly fetch manifest content-type@~1.0.4
124 silly packumentCache full:https://registry.npmjs.org/content-type cache-miss
125 http fetch GET 200 https://registry.npmjs.org/safe-buffer 125ms (cache miss)
126 silly packumentCache full:https://registry.npmjs.org/safe-buffer set size:undefined disposed:false
127 silly fetch manifest finalhandler@1.3.1
128 silly packumentCache full:https://registry.npmjs.org/finalhandler cache-miss
129 http fetch GET 200 https://registry.npmjs.org/utils-merge 92ms (cache miss)
130 silly packumentCache full:https://registry.npmjs.org/utils-merge set size:undefined disposed:false
131 silly fetch manifest range-parser@~1.2.1
132 silly packumentCache full:https://registry.npmjs.org/range-parser cache-miss
133 http fetch GET 200 https://registry.npmjs.org/range-parser 80ms (cache miss)
134 silly packumentCache full:https://registry.npmjs.org/range-parser set size:undefined disposed:false
135 silly fetch manifest serve-static@1.16.2
136 silly packumentCache full:https://registry.npmjs.org/serve-static cache-miss
137 http fetch GET 200 https://registry.npmjs.org/finalhandler 99ms (cache miss)
138 silly packumentCache full:https://registry.npmjs.org/finalhandler set size:undefined disposed:false
139 silly fetch manifest array-flatten@1.1.1
140 silly packumentCache full:https://registry.npmjs.org/array-flatten cache-miss
141 http fetch GET 200 https://registry.npmjs.org/content-type 160ms (cache miss)
142 silly packumentCache full:https://registry.npmjs.org/content-type set size:undefined disposed:false
143 silly fetch manifest path-to-regexp@0.1.12
144 silly packumentCache full:https://registry.npmjs.org/path-to-regexp cache-miss
145 http fetch GET 200 https://registry.npmjs.org/array-flatten 82ms (cache miss)
146 silly packumentCache full:https://registry.npmjs.org/array-flatten set size:undefined disposed:false
147 silly fetch manifest setprototypeof@1.2.0
148 silly packumentCache full:https://registry.npmjs.org/setprototypeof cache-miss
149 http fetch GET 200 https://registry.npmjs.org/serve-static 100ms (cache miss)
150 silly packumentCache full:https://registry.npmjs.org/serve-static set size:undefined disposed:false
151 silly fetch manifest cookie-signature@1.0.6
152 silly packumentCache full:https://registry.npmjs.org/cookie-signature cache-miss
153 http fetch GET 200 https://registry.npmjs.org/path-to-regexp 102ms (cache miss)
154 silly packumentCache full:https://registry.npmjs.org/path-to-regexp set size:undefined disposed:false
155 silly fetch manifest merge-descriptors@1.0.3
156 silly packumentCache full:https://registry.npmjs.org/merge-descriptors cache-miss
157 http fetch GET 200 https://registry.npmjs.org/setprototypeof 59ms (cache miss)
158 silly packumentCache full:https://registry.npmjs.org/setprototypeof set size:undefined disposed:false
159 silly fetch manifest content-disposition@0.5.4
160 silly packumentCache full:https://registry.npmjs.org/content-disposition cache-miss
161 http fetch GET 200 https://registry.npmjs.org/cookie-signature 77ms (cache miss)
162 silly packumentCache full:https://registry.npmjs.org/cookie-signature set size:undefined disposed:false
163 silly fetch manifest debug@^4
164 silly packumentCache full:https://registry.npmjs.org/debug cache-miss
165 http cache https://registry.npmjs.org/debug 11ms (cache hit)
166 silly packumentCache full:https://registry.npmjs.org/debug set size:195840 disposed:false
167 silly fetch manifest touch@^3.1.0
168 silly packumentCache full:https://registry.npmjs.org/touch cache-miss
169 http fetch GET 200 https://registry.npmjs.org/merge-descriptors 105ms (cache miss)
170 silly packumentCache full:https://registry.npmjs.org/merge-descriptors set size:undefined disposed:false
171 silly fetch manifest semver@^7.5.3
172 silly packumentCache full:https://registry.npmjs.org/semver cache-miss
173 http fetch GET 200 https://registry.npmjs.org/content-disposition 78ms (cache miss)
174 silly packumentCache full:https://registry.npmjs.org/content-disposition set size:undefined disposed:false
175 silly fetch manifest chokidar@^3.5.2
176 silly packumentCache full:https://registry.npmjs.org/chokidar cache-miss
177 http fetch GET 200 https://registry.npmjs.org/semver 95ms (cache miss)
178 silly packumentCache full:https://registry.npmjs.org/semver set size:undefined disposed:false
179 silly fetch manifest minimatch@^3.1.2
180 silly packumentCache full:https://registry.npmjs.org/minimatch cache-miss
181 http fetch GET 200 https://registry.npmjs.org/chokidar 101ms (cache miss)
182 silly packumentCache full:https://registry.npmjs.org/chokidar set size:undefined disposed:false
183 silly fetch manifest undefsafe@^2.0.5
184 silly packumentCache full:https://registry.npmjs.org/undefsafe cache-miss
185 http fetch GET 200 https://registry.npmjs.org/undefsafe 112ms (cache miss)
186 silly packumentCache full:https://registry.npmjs.org/undefsafe set size:undefined disposed:false
187 silly fetch manifest pstree.remy@^1.1.8
188 silly packumentCache full:https://registry.npmjs.org/pstree.remy cache-miss
189 http fetch GET 200 https://registry.npmjs.org/touch 264ms (cache miss)
190 silly packumentCache full:https://registry.npmjs.org/touch set size:undefined disposed:false
191 silly fetch manifest supports-color@^5.5.0
192 silly packumentCache full:https://registry.npmjs.org/supports-color cache-miss
193 http fetch GET 200 https://registry.npmjs.org/minimatch 162ms (cache miss)
194 silly packumentCache full:https://registry.npmjs.org/minimatch set size:undefined disposed:false
195 silly fetch manifest ignore-by-default@^1.0.1
196 silly packumentCache full:https://registry.npmjs.org/ignore-by-default cache-miss
197 http fetch GET 200 https://registry.npmjs.org/pstree.remy 82ms (cache miss)
198 silly packumentCache full:https://registry.npmjs.org/pstree.remy set size:undefined disposed:false
199 silly fetch manifest simple-update-notifier@^2.0.0
200 silly packumentCache full:https://registry.npmjs.org/simple-update-notifier cache-miss
201 http fetch GET 200 https://registry.npmjs.org/supports-color 110ms (cache miss)
202 silly packumentCache full:https://registry.npmjs.org/supports-color set size:undefined disposed:false
203 http fetch GET 200 https://registry.npmjs.org/ignore-by-default 117ms (cache miss)
204 silly packumentCache full:https://registry.npmjs.org/ignore-by-default set size:undefined disposed:false
205 http fetch GET 200 https://registry.npmjs.org/simple-update-notifier 102ms (cache miss)
206 silly packumentCache full:https://registry.npmjs.org/simple-update-notifier set size:undefined disposed:false
207 silly placeDep ROOT object-assign@4.1.1 OK for: cors@2.8.5 want: ^4
208 silly placeDep ROOT vary@1.1.2 OK for: cors@2.8.5 want: ^1
209 silly placeDep ROOT accepts@1.3.8 OK for: express@4.21.2 want: ~1.3.8
210 silly placeDep ROOT array-flatten@1.1.1 OK for: express@4.21.2 want: 1.1.1
211 silly placeDep ROOT body-parser@1.20.3 OK for: express@4.21.2 want: 1.20.3
212 silly placeDep ROOT content-disposition@0.5.4 OK for: express@4.21.2 want: 0.5.4
213 silly placeDep ROOT content-type@1.0.5 OK for: express@4.21.2 want: ~1.0.4
214 silly placeDep ROOT cookie@0.7.1 OK for: express@4.21.2 want: 0.7.1
215 silly placeDep ROOT cookie-signature@1.0.6 OK for: express@4.21.2 want: 1.0.6
216 silly placeDep ROOT debug@2.6.9 OK for: express@4.21.2 want: 2.6.9
217 silly placeDep ROOT depd@2.0.0 OK for: express@4.21.2 want: 2.0.0
218 silly placeDep ROOT encodeurl@2.0.0 OK for: express@4.21.2 want: ~2.0.0
219 silly placeDep ROOT escape-html@1.0.3 OK for: express@4.21.2 want: ~1.0.3
220 silly placeDep ROOT etag@1.8.1 OK for: express@4.21.2 want: ~1.8.1
221 silly placeDep ROOT finalhandler@1.3.1 OK for: express@4.21.2 want: 1.3.1
222 silly placeDep ROOT fresh@0.5.2 OK for: express@4.21.2 want: 0.5.2
223 silly placeDep ROOT http-errors@2.0.0 OK for: express@4.21.2 want: 2.0.0
224 silly placeDep ROOT merge-descriptors@1.0.3 OK for: express@4.21.2 want: 1.0.3
225 silly placeDep ROOT methods@1.1.2 OK for: express@4.21.2 want: ~1.1.2
226 silly placeDep ROOT on-finished@2.4.1 OK for: express@4.21.2 want: 2.4.1
227 silly placeDep ROOT parseurl@1.3.3 OK for: express@4.21.2 want: ~1.3.3
228 silly placeDep ROOT path-to-regexp@0.1.12 OK for: express@4.21.2 want: 0.1.12
229 silly placeDep ROOT proxy-addr@2.0.7 OK for: express@4.21.2 want: ~2.0.7
230 silly placeDep ROOT qs@6.13.0 OK for: express@4.21.2 want: 6.13.0
231 silly placeDep ROOT range-parser@1.2.1 OK for: express@4.21.2 want: ~1.2.1
232 silly placeDep ROOT safe-buffer@5.2.1 OK for: express@4.21.2 want: 5.2.1
233 silly placeDep ROOT send@0.19.0 OK for: express@4.21.2 want: 0.19.0
234 silly placeDep ROOT serve-static@1.16.2 OK for: express@4.21.2 want: 1.16.2
235 silly placeDep ROOT setprototypeof@1.2.0 OK for: express@4.21.2 want: 1.2.0
236 silly placeDep ROOT statuses@2.0.1 OK for: express@4.21.2 want: 2.0.1
237 silly placeDep ROOT type-is@1.6.18 OK for: express@4.21.2 want: ~1.6.18
238 silly placeDep ROOT utils-merge@1.0.1 OK for: express@4.21.2 want: 1.0.1
239 silly fetch manifest mime-types@~2.1.34
240 silly packumentCache full:https://registry.npmjs.org/mime-types cache-miss
241 silly fetch manifest negotiator@0.6.3
242 silly packumentCache full:https://registry.npmjs.org/negotiator cache-miss
243 silly fetch manifest bytes@3.1.2
244 silly packumentCache full:https://registry.npmjs.org/bytes cache-miss
245 http fetch GET 200 https://registry.npmjs.org/mime-types 299ms (cache miss)
246 silly packumentCache full:https://registry.npmjs.org/mime-types set size:undefined disposed:false
247 silly fetch manifest unpipe@1.0.0
248 silly packumentCache full:https://registry.npmjs.org/unpipe cache-miss
249 http fetch GET 200 https://registry.npmjs.org/bytes 362ms (cache miss)
250 silly packumentCache full:https://registry.npmjs.org/bytes set size:undefined disposed:false
251 silly fetch manifest destroy@1.2.0
252 silly packumentCache full:https://registry.npmjs.org/destroy cache-miss
253 http fetch GET 200 https://registry.npmjs.org/negotiator 368ms (cache miss)
254 silly packumentCache full:https://registry.npmjs.org/negotiator set size:undefined disposed:false
255 silly fetch manifest raw-body@2.5.2
256 silly packumentCache full:https://registry.npmjs.org/raw-body cache-miss
257 http fetch GET 200 https://registry.npmjs.org/unpipe 83ms (cache miss)
258 silly packumentCache full:https://registry.npmjs.org/unpipe set size:undefined disposed:false
259 silly fetch manifest iconv-lite@0.4.24
260 silly packumentCache full:https://registry.npmjs.org/iconv-lite cache-miss
261 http fetch GET 200 https://registry.npmjs.org/raw-body 144ms (cache miss)
262 silly packumentCache full:https://registry.npmjs.org/raw-body set size:undefined disposed:false
263 silly fetch manifest content-type@~1.0.5
264 silly packumentCache full:https://registry.npmjs.org/content-type cache-miss
265 http fetch GET 200 https://registry.npmjs.org/destroy 160ms (cache miss)
266 silly packumentCache full:https://registry.npmjs.org/destroy set size:undefined disposed:false
267 silly fetch manifest ms@2.0.0
268 silly packumentCache full:https://registry.npmjs.org/ms cache-miss
269 http cache https://registry.npmjs.org/content-type 20ms (cache hit)
270 silly packumentCache full:https://registry.npmjs.org/content-type set size:17311 disposed:false
271 silly fetch manifest unpipe@~1.0.0
272 silly packumentCache full:https://registry.npmjs.org/unpipe cache-miss
273 http fetch GET 200 https://registry.npmjs.org/iconv-lite 157ms (cache miss)
274 silly packumentCache full:https://registry.npmjs.org/iconv-lite set size:undefined disposed:false
275 silly fetch manifest inherits@2.0.4
276 silly packumentCache full:https://registry.npmjs.org/inherits cache-miss
277 http cache https://registry.npmjs.org/unpipe 22ms (cache hit)
278 silly packumentCache full:https://registry.npmjs.org/unpipe set size:3537 disposed:false
279 silly fetch manifest toidentifier@1.0.1
280 silly packumentCache full:https://registry.npmjs.org/toidentifier cache-miss
281 http fetch GET 200 https://registry.npmjs.org/ms 71ms (cache miss)
282 silly packumentCache full:https://registry.npmjs.org/ms set size:undefined disposed:false
283 silly fetch manifest ee-first@1.1.1
284 silly packumentCache full:https://registry.npmjs.org/ee-first cache-miss
285 http fetch GET 200 https://registry.npmjs.org/inherits 66ms (cache miss)
286 silly packumentCache full:https://registry.npmjs.org/inherits set size:undefined disposed:false
287 silly fetch manifest forwarded@0.2.0
288 silly packumentCache full:https://registry.npmjs.org/forwarded cache-miss
289 http fetch GET 200 https://registry.npmjs.org/toidentifier 102ms (cache miss)
290 silly packumentCache full:https://registry.npmjs.org/toidentifier set size:undefined disposed:false
291 silly fetch manifest ipaddr.js@1.9.1
292 silly packumentCache full:https://registry.npmjs.org/ipaddr.js cache-miss
293 http fetch GET 200 https://registry.npmjs.org/ee-first 88ms (cache miss)
294 silly packumentCache full:https://registry.npmjs.org/ee-first set size:undefined disposed:false
295 silly fetch manifest side-channel@^1.0.6
296 silly packumentCache full:https://registry.npmjs.org/side-channel cache-miss
297 http fetch GET 200 https://registry.npmjs.org/forwarded 78ms (cache miss)
298 silly packumentCache full:https://registry.npmjs.org/forwarded set size:undefined disposed:false
299 silly fetch manifest ms@2.1.3
300 silly packumentCache full:https://registry.npmjs.org/ms cache-miss
301 http cache https://registry.npmjs.org/ms 11ms (cache hit)
302 silly packumentCache full:https://registry.npmjs.org/ms set size:92208 disposed:false
303 silly fetch manifest mime@1.6.0
304 silly packumentCache full:https://registry.npmjs.org/mime cache-miss
305 http fetch GET 200 https://registry.npmjs.org/side-channel 66ms (cache miss)
306 silly packumentCache full:https://registry.npmjs.org/side-channel set size:undefined disposed:false
307 silly fetch manifest encodeurl@~1.0.2
308 silly packumentCache full:https://registry.npmjs.org/encodeurl cache-miss
309 http cache https://registry.npmjs.org/encodeurl 10ms (cache hit)
310 silly packumentCache full:https://registry.npmjs.org/encodeurl set size:12296 disposed:false
311 silly fetch manifest mime-types@~2.1.24
312 silly packumentCache full:https://registry.npmjs.org/mime-types cache-miss
313 http cache https://registry.npmjs.org/mime-types 22ms (cache hit)
314 silly packumentCache full:https://registry.npmjs.org/mime-types set size:136716 disposed:false
315 silly fetch manifest media-typer@0.3.0
316 silly packumentCache full:https://registry.npmjs.org/media-typer cache-miss
317 http fetch GET 200 https://registry.npmjs.org/ipaddr.js 133ms (cache miss)
318 silly packumentCache full:https://registry.npmjs.org/ipaddr.js set size:undefined disposed:false
319 http fetch GET 200 https://registry.npmjs.org/mime 104ms (cache miss)
320 silly packumentCache full:https://registry.npmjs.org/mime set size:undefined disposed:false
321 http fetch GET 200 https://registry.npmjs.org/media-typer 71ms (cache miss)
322 silly packumentCache full:https://registry.npmjs.org/media-typer set size:undefined disposed:false
323 silly placeDep ROOT mime-types@2.1.35 OK for: accepts@1.3.8 want: ~2.1.34
324 silly placeDep ROOT negotiator@0.6.3 OK for: accepts@1.3.8 want: 0.6.3
325 silly fetch manifest mime-db@1.52.0
326 silly packumentCache full:https://registry.npmjs.org/mime-db cache-miss
327 http fetch GET 200 https://registry.npmjs.org/mime-db 73ms (cache miss)
328 silly packumentCache full:https://registry.npmjs.org/mime-db set size:undefined disposed:false
329 silly placeDep ROOT bytes@3.1.2 OK for: body-parser@1.20.3 want: 3.1.2
330 silly placeDep ROOT destroy@1.2.0 OK for: body-parser@1.20.3 want: 1.2.0
331 silly placeDep ROOT iconv-lite@0.4.24 OK for: body-parser@1.20.3 want: 0.4.24
332 silly placeDep ROOT raw-body@2.5.2 OK for: body-parser@1.20.3 want: 2.5.2
333 silly placeDep ROOT unpipe@1.0.0 OK for: body-parser@1.20.3 want: 1.0.0
334 silly fetch manifest safer-buffer@>= 2.1.2 < 3
335 silly packumentCache full:https://registry.npmjs.org/safer-buffer cache-miss
336 http fetch GET 200 https://registry.npmjs.org/safer-buffer 65ms (cache miss)
337 silly packumentCache full:https://registry.npmjs.org/safer-buffer set size:undefined disposed:false
338 silly placeDep ROOT ms@2.0.0 OK for: debug@2.6.9 want: 2.0.0
339 silly placeDep ROOT inherits@2.0.4 OK for: http-errors@2.0.0 want: 2.0.4
340 silly placeDep ROOT toidentifier@1.0.1 OK for: http-errors@2.0.0 want: 1.0.1
341 silly placeDep ROOT safer-buffer@2.1.2 OK for: iconv-lite@0.4.24 want: >= 2.1.2 < 3
342 silly placeDep ROOT mime-db@1.52.0 OK for: mime-types@2.1.35 want: 1.52.0
343 silly placeDep ROOT chokidar@3.6.0 OK for: nodemon@3.1.10 want: ^3.5.2
344 silly placeDep node_modules/nodemon debug@4.4.3 OK for: nodemon@3.1.10 want: ^4
345 silly placeDep ROOT ignore-by-default@1.0.1 OK for: nodemon@3.1.10 want: ^1.0.1
346 silly placeDep ROOT minimatch@3.1.2 OK for: nodemon@3.1.10 want: ^3.1.2
347 silly placeDep ROOT pstree.remy@1.1.8 OK for: nodemon@3.1.10 want: ^1.1.8
348 silly placeDep ROOT semver@7.7.3 OK for: nodemon@3.1.10 want: ^7.5.3
349 silly placeDep ROOT simple-update-notifier@2.0.0 OK for: nodemon@3.1.10 want: ^2.0.0
350 silly placeDep ROOT supports-color@5.5.0 OK for: nodemon@3.1.10 want: ^5.5.0
351 silly placeDep ROOT touch@3.1.1 OK for: nodemon@3.1.10 want: ^3.1.0
352 silly placeDep ROOT undefsafe@2.0.5 OK for: nodemon@3.1.10 want: ^2.0.5
353 silly fetch manifest braces@~3.0.2
354 silly packumentCache full:https://registry.npmjs.org/braces cache-miss
355 silly fetch manifest is-glob@~4.0.1
356 silly packumentCache full:https://registry.npmjs.org/is-glob cache-miss
357 silly fetch manifest anymatch@~3.1.2
358 silly packumentCache full:https://registry.npmjs.org/anymatch cache-miss
359 http fetch GET 200 https://registry.npmjs.org/is-glob 83ms (cache miss)
360 silly packumentCache full:https://registry.npmjs.org/is-glob set size:undefined disposed:false
361 silly fetch manifest readdirp@~3.6.0
362 silly packumentCache full:https://registry.npmjs.org/readdirp cache-miss
363 http fetch GET 200 https://registry.npmjs.org/braces 88ms (cache miss)
364 silly packumentCache full:https://registry.npmjs.org/braces set size:undefined disposed:false
365 silly fetch manifest glob-parent@~5.1.2
366 silly packumentCache full:https://registry.npmjs.org/glob-parent cache-miss
367 http fetch GET 200 https://registry.npmjs.org/anymatch 96ms (cache miss)
368 silly packumentCache full:https://registry.npmjs.org/anymatch set size:undefined disposed:false
369 silly fetch manifest is-binary-path@~2.1.0
370 silly packumentCache full:https://registry.npmjs.org/is-binary-path cache-miss
371 http fetch GET 200 https://registry.npmjs.org/readdirp 63ms (cache miss)
372 silly packumentCache full:https://registry.npmjs.org/readdirp set size:undefined disposed:false
373 silly fetch manifest normalize-path@~3.0.0
374 silly packumentCache full:https://registry.npmjs.org/normalize-path cache-miss
375 http fetch GET 200 https://registry.npmjs.org/is-binary-path 72ms (cache miss)
376 silly packumentCache full:https://registry.npmjs.org/is-binary-path set size:undefined disposed:false
377 silly fetch manifest fsevents@~2.3.2
378 silly packumentCache full:https://registry.npmjs.org/fsevents cache-miss
379 http fetch GET 200 https://registry.npmjs.org/glob-parent 87ms (cache miss)
380 silly packumentCache full:https://registry.npmjs.org/glob-parent set size:undefined disposed:false
381 silly fetch manifest ms@^2.1.3
382 silly packumentCache full:https://registry.npmjs.org/ms cache-hit
383 silly fetch manifest brace-expansion@^1.1.7
384 silly packumentCache full:https://registry.npmjs.org/brace-expansion cache-miss
385 http fetch GET 200 https://registry.npmjs.org/normalize-path 91ms (cache miss)
386 silly packumentCache full:https://registry.npmjs.org/normalize-path set size:undefined disposed:false
387 silly fetch manifest has-flag@^3.0.0
388 silly packumentCache full:https://registry.npmjs.org/has-flag cache-miss
389 http fetch GET 200 https://registry.npmjs.org/brace-expansion 95ms (cache miss)
390 silly packumentCache full:https://registry.npmjs.org/brace-expansion set size:undefined disposed:false
391 http fetch GET 200 https://registry.npmjs.org/fsevents 109ms (cache miss)
392 silly packumentCache full:https://registry.npmjs.org/fsevents set size:undefined disposed:false
393 http fetch GET 200 https://registry.npmjs.org/has-flag 67ms (cache miss)
394 silly packumentCache full:https://registry.npmjs.org/has-flag set size:undefined disposed:false
395 silly placeDep ROOT anymatch@3.1.3 OK for: chokidar@3.6.0 want: ~3.1.2
396 silly placeDep ROOT braces@3.0.3 OK for: chokidar@3.6.0 want: ~3.0.2
397 silly placeDep ROOT fsevents@2.3.3 OK for: chokidar@3.6.0 want: ~2.3.2
398 silly placeDep ROOT glob-parent@5.1.2 OK for: chokidar@3.6.0 want: ~5.1.2
399 silly placeDep ROOT is-binary-path@2.1.0 OK for: chokidar@3.6.0 want: ~2.1.0
400 silly placeDep ROOT is-glob@4.0.3 OK for: chokidar@3.6.0 want: ~4.0.1
401 silly placeDep ROOT normalize-path@3.0.0 OK for: chokidar@3.6.0 want: ~3.0.0
402 silly placeDep ROOT readdirp@3.6.0 OK for: chokidar@3.6.0 want: ~3.6.0
403 silly fetch manifest picomatch@^2.0.4
404 silly packumentCache full:https://registry.npmjs.org/picomatch cache-miss
405 silly fetch manifest normalize-path@^3.0.0
406 silly packumentCache full:https://registry.npmjs.org/normalize-path cache-miss
407 silly fetch manifest fill-range@^7.1.1
408 silly packumentCache full:https://registry.npmjs.org/fill-range cache-miss
409 http cache https://registry.npmjs.org/normalize-path 13ms (cache hit)
410 silly packumentCache full:https://registry.npmjs.org/normalize-path set size:28713 disposed:false
411 silly fetch manifest is-glob@^4.0.1
412 silly packumentCache full:https://registry.npmjs.org/is-glob cache-miss
413 http cache https://registry.npmjs.org/is-glob 34ms (cache hit)
414 silly packumentCache full:https://registry.npmjs.org/is-glob set size:40530 disposed:false
415 silly fetch manifest binary-extensions@^2.0.0
416 silly packumentCache full:https://registry.npmjs.org/binary-extensions cache-miss
417 http fetch GET 200 https://registry.npmjs.org/fill-range 85ms (cache miss)
418 silly packumentCache full:https://registry.npmjs.org/fill-range set size:undefined disposed:false
419 silly fetch manifest is-extglob@^2.1.1
420 silly packumentCache full:https://registry.npmjs.org/is-extglob cache-miss
421 http fetch GET 200 https://registry.npmjs.org/picomatch 96ms (cache miss)
422 silly packumentCache full:https://registry.npmjs.org/picomatch set size:undefined disposed:false
423 silly fetch manifest picomatch@^2.2.1
424 silly packumentCache full:https://registry.npmjs.org/picomatch cache-miss
425 http cache https://registry.npmjs.org/picomatch 7ms (cache hit)
426 silly packumentCache full:https://registry.npmjs.org/picomatch set size:118818 disposed:false
427 http fetch GET 200 https://registry.npmjs.org/binary-extensions 79ms (cache miss)
428 silly packumentCache full:https://registry.npmjs.org/binary-extensions set size:undefined disposed:false
429 http fetch GET 200 https://registry.npmjs.org/is-extglob 77ms (cache miss)
430 silly packumentCache full:https://registry.npmjs.org/is-extglob set size:undefined disposed:false
431 silly placeDep ROOT picomatch@2.3.1 OK for: anymatch@3.1.3 want: ^2.0.4
432 silly placeDep ROOT fill-range@7.1.1 OK for: braces@3.0.3 want: ^7.1.1
433 silly fetch manifest to-regex-range@^5.0.1
434 silly packumentCache full:https://registry.npmjs.org/to-regex-range cache-miss
435 http fetch GET 200 https://registry.npmjs.org/to-regex-range 71ms (cache miss)
436 silly packumentCache full:https://registry.npmjs.org/to-regex-range set size:undefined disposed:false
437 silly placeDep ROOT to-regex-range@5.0.1 OK for: fill-range@7.1.1 want: ^5.0.1
438 silly fetch manifest is-number@^7.0.0
439 silly packumentCache full:https://registry.npmjs.org/is-number cache-miss
440 http fetch GET 200 https://registry.npmjs.org/is-number 98ms (cache miss)
441 silly packumentCache full:https://registry.npmjs.org/is-number set size:undefined disposed:false
442 silly placeDep ROOT binary-extensions@2.3.0 OK for: is-binary-path@2.1.0 want: ^2.0.0
443 silly placeDep ROOT is-extglob@2.1.1 OK for: is-glob@4.0.3 want: ^2.1.1
444 silly placeDep ROOT brace-expansion@1.1.12 OK for: minimatch@3.1.2 want: ^1.1.7
445 silly fetch manifest balanced-match@^1.0.0
446 silly packumentCache full:https://registry.npmjs.org/balanced-match cache-miss
447 silly fetch manifest concat-map@0.0.1
448 silly packumentCache full:https://registry.npmjs.org/concat-map cache-miss
449 http fetch GET 200 https://registry.npmjs.org/balanced-match 66ms (cache miss)
450 silly packumentCache full:https://registry.npmjs.org/balanced-match set size:undefined disposed:false
451 http fetch GET 200 https://registry.npmjs.org/concat-map 106ms (cache miss)
452 silly packumentCache full:https://registry.npmjs.org/concat-map set size:undefined disposed:false
453 silly placeDep ROOT balanced-match@1.0.2 OK for: brace-expansion@1.1.12 want: ^1.0.0
454 silly placeDep ROOT concat-map@0.0.1 OK for: brace-expansion@1.1.12 want: 0.0.1
455 silly placeDep ROOT ee-first@1.1.1 OK for: on-finished@2.4.1 want: 1.1.1
456 silly placeDep ROOT forwarded@0.2.0 OK for: proxy-addr@2.0.7 want: 0.2.0
457 silly placeDep ROOT ipaddr.js@1.9.1 OK for: proxy-addr@2.0.7 want: 1.9.1
458 silly placeDep ROOT side-channel@1.1.0 OK for: qs@6.13.0 want: ^1.0.6
459 silly fetch manifest es-errors@^1.3.0
460 silly packumentCache full:https://registry.npmjs.org/es-errors cache-miss
461 silly fetch manifest object-inspect@^1.13.3
462 silly packumentCache full:https://registry.npmjs.org/object-inspect cache-miss
463 silly fetch manifest side-channel-list@^1.0.0
464 silly packumentCache full:https://registry.npmjs.org/side-channel-list cache-miss
465 http fetch GET 200 https://registry.npmjs.org/side-channel-list 66ms (cache miss)
466 silly packumentCache full:https://registry.npmjs.org/side-channel-list set size:undefined disposed:false
467 silly fetch manifest side-channel-map@^1.0.1
468 silly packumentCache full:https://registry.npmjs.org/side-channel-map cache-miss
469 http fetch GET 200 https://registry.npmjs.org/object-inspect 89ms (cache miss)
470 silly packumentCache full:https://registry.npmjs.org/object-inspect set size:undefined disposed:false
471 silly fetch manifest side-channel-weakmap@^1.0.2
472 silly packumentCache full:https://registry.npmjs.org/side-channel-weakmap cache-miss
473 http fetch GET 200 https://registry.npmjs.org/es-errors 96ms (cache miss)
474 silly packumentCache full:https://registry.npmjs.org/es-errors set size:undefined disposed:false
475 http fetch GET 200 https://registry.npmjs.org/side-channel-map 91ms (cache miss)
476 silly packumentCache full:https://registry.npmjs.org/side-channel-map set size:undefined disposed:false
477 http fetch GET 200 https://registry.npmjs.org/side-channel-weakmap 72ms (cache miss)
478 silly packumentCache full:https://registry.npmjs.org/side-channel-weakmap set size:undefined disposed:false
479 silly placeDep node_modules/send encodeurl@1.0.2 OK for: send@0.19.0 want: ~1.0.2
480 silly placeDep ROOT mime@1.6.0 OK for: send@0.19.0 want: 1.6.0
481 silly placeDep node_modules/send ms@2.1.3 OK for: send@0.19.0 want: 2.1.3
482 silly placeDep ROOT es-errors@1.3.0 OK for: side-channel@1.1.0 want: ^1.3.0
483 silly placeDep ROOT object-inspect@1.13.4 OK for: side-channel@1.1.0 want: ^1.13.3
484 silly placeDep ROOT side-channel-list@1.0.0 OK for: side-channel@1.1.0 want: ^1.0.0
485 silly placeDep ROOT side-channel-map@1.0.1 OK for: side-channel@1.1.0 want: ^1.0.1
486 silly placeDep ROOT side-channel-weakmap@1.0.2 OK for: side-channel@1.1.0 want: ^1.0.2
487 silly fetch manifest call-bound@^1.0.2
488 silly packumentCache full:https://registry.npmjs.org/call-bound cache-miss
489 silly fetch manifest get-intrinsic@^1.2.5
490 silly packumentCache full:https://registry.npmjs.org/get-intrinsic cache-miss
491 silly fetch manifest call-bound@^1.0.2
492 silly packumentCache full:https://registry.npmjs.org/call-bound cache-miss
493 http fetch GET 200 https://registry.npmjs.org/call-bound 73ms (cache miss)
494 silly packumentCache full:https://registry.npmjs.org/call-bound set size:undefined disposed:false
495 silly fetch manifest get-intrinsic@^1.2.5
496 silly packumentCache full:https://registry.npmjs.org/get-intrinsic cache-miss
497 http fetch GET 200 https://registry.npmjs.org/get-intrinsic 79ms (cache miss)
498 silly packumentCache full:https://registry.npmjs.org/get-intrinsic set size:undefined disposed:false
499 http fetch GET 200 https://registry.npmjs.org/call-bound 86ms (cache miss)
500 silly packumentCache full:https://registry.npmjs.org/call-bound set size:undefined disposed:false
501 http fetch GET 200 https://registry.npmjs.org/get-intrinsic 59ms (cache miss)
502 silly packumentCache full:https://registry.npmjs.org/get-intrinsic set size:undefined disposed:false
503 silly placeDep ROOT call-bound@1.0.4 OK for: side-channel-map@1.0.1 want: ^1.0.2
504 silly placeDep ROOT get-intrinsic@1.3.0 OK for: side-channel-map@1.0.1 want: ^1.2.5
505 silly fetch manifest call-bind-apply-helpers@^1.0.2
506 silly packumentCache full:https://registry.npmjs.org/call-bind-apply-helpers cache-miss
507 silly fetch manifest get-intrinsic@^1.3.0
508 silly packumentCache full:https://registry.npmjs.org/get-intrinsic cache-miss
509 silly fetch manifest gopd@^1.2.0
510 silly packumentCache full:https://registry.npmjs.org/gopd cache-miss
511 http cache https://registry.npmjs.org/get-intrinsic 11ms (cache hit)
512 silly packumentCache full:https://registry.npmjs.org/get-intrinsic set size:60985 disposed:false
513 silly fetch manifest hasown@^2.0.2
514 silly packumentCache full:https://registry.npmjs.org/hasown cache-miss
515 http fetch GET 200 https://registry.npmjs.org/gopd 101ms (cache miss)
516 silly packumentCache full:https://registry.npmjs.org/gopd set size:undefined disposed:false
517 silly fetch manifest get-proto@^1.0.1
518 silly packumentCache full:https://registry.npmjs.org/get-proto cache-miss
519 http fetch GET 200 https://registry.npmjs.org/hasown 120ms (cache miss)
520 silly packumentCache full:https://registry.npmjs.org/hasown set size:undefined disposed:false
521 silly fetch manifest has-symbols@^1.1.0
522 silly packumentCache full:https://registry.npmjs.org/has-symbols cache-miss
523 http fetch GET 200 https://registry.npmjs.org/call-bind-apply-helpers 144ms (cache miss)
524 silly packumentCache full:https://registry.npmjs.org/call-bind-apply-helpers set size:undefined disposed:false
525 silly fetch manifest function-bind@^1.1.2
526 silly packumentCache full:https://registry.npmjs.org/function-bind cache-miss
527 http fetch GET 200 https://registry.npmjs.org/get-proto 96ms (cache miss)
528 silly packumentCache full:https://registry.npmjs.org/get-proto set size:undefined disposed:false
529 silly fetch manifest es-object-atoms@^1.1.1
530 silly packumentCache full:https://registry.npmjs.org/es-object-atoms cache-miss
531 http fetch GET 200 https://registry.npmjs.org/has-symbols 71ms (cache miss)
532 silly packumentCache full:https://registry.npmjs.org/has-symbols set size:undefined disposed:false
533 silly fetch manifest math-intrinsics@^1.1.0
534 silly packumentCache full:https://registry.npmjs.org/math-intrinsics cache-miss
535 http fetch GET 200 https://registry.npmjs.org/function-bind 78ms (cache miss)
536 silly packumentCache full:https://registry.npmjs.org/function-bind set size:undefined disposed:false
537 silly fetch manifest es-define-property@^1.0.1
538 silly packumentCache full:https://registry.npmjs.org/es-define-property cache-miss
539 http fetch GET 200 https://registry.npmjs.org/es-object-atoms 71ms (cache miss)
540 silly packumentCache full:https://registry.npmjs.org/es-object-atoms set size:undefined disposed:false
541 http fetch GET 200 https://registry.npmjs.org/math-intrinsics 78ms (cache miss)
542 silly packumentCache full:https://registry.npmjs.org/math-intrinsics set size:undefined disposed:false
543 http fetch GET 200 https://registry.npmjs.org/es-define-property 105ms (cache miss)
544 silly packumentCache full:https://registry.npmjs.org/es-define-property set size:undefined disposed:false
545 silly placeDep ROOT call-bind-apply-helpers@1.0.2 OK for: call-bound@1.0.4 want: ^1.0.2
546 silly placeDep ROOT function-bind@1.1.2 OK for: call-bind-apply-helpers@1.0.2 want: ^1.1.2
547 silly placeDep ROOT es-define-property@1.0.1 OK for: get-intrinsic@1.3.0 want: ^1.0.1
548 silly placeDep ROOT es-object-atoms@1.1.1 OK for: get-intrinsic@1.3.0 want: ^1.1.1
549 silly placeDep ROOT get-proto@1.0.1 OK for: get-intrinsic@1.3.0 want: ^1.0.1
550 silly placeDep ROOT gopd@1.2.0 OK for: get-intrinsic@1.3.0 want: ^1.2.0
551 silly placeDep ROOT has-symbols@1.1.0 OK for: get-intrinsic@1.3.0 want: ^1.1.0
552 silly placeDep ROOT hasown@2.0.2 OK for: get-intrinsic@1.3.0 want: ^2.0.2
553 silly placeDep ROOT math-intrinsics@1.1.0 OK for: get-intrinsic@1.3.0 want: ^1.1.0
554 silly fetch manifest dunder-proto@^1.0.1
555 silly packumentCache full:https://registry.npmjs.org/dunder-proto cache-miss
556 http fetch GET 200 https://registry.npmjs.org/dunder-proto 781ms (cache miss)
557 silly packumentCache full:https://registry.npmjs.org/dunder-proto set size:undefined disposed:false
558 silly placeDep ROOT dunder-proto@1.0.1 OK for: get-proto@1.0.1 want: ^1.0.1
559 silly placeDep ROOT has-flag@3.0.0 OK for: supports-color@5.5.0 want: ^3.0.0
560 silly placeDep ROOT is-number@7.0.0 OK for: to-regex-range@5.0.1 want: ^7.0.0
561 silly placeDep ROOT media-typer@0.3.0 OK for: type-is@1.6.18 want: 0.3.0
562 silly placeDep node_modules/nodemon ms@2.1.3 OK for: debug@4.4.3 want: ^2.1.3
563 silly reify moves {}
564 silly audit bulk request {
564 silly audit   cors: [ '2.8.5' ],
564 silly audit   dotenv: [ '16.6.1' ],
564 silly audit   express: [ '4.21.2' ],
564 silly audit   nodemon: [ '3.1.10' ],
564 silly audit   'object-assign': [ '4.1.1' ],
564 silly audit   vary: [ '1.1.2' ],
564 silly audit   accepts: [ '1.3.8' ],
564 silly audit   'array-flatten': [ '1.1.1' ],
564 silly audit   'body-parser': [ '1.20.3' ],
564 silly audit   'content-disposition': [ '0.5.4' ],
564 silly audit   'content-type': [ '1.0.5' ],
564 silly audit   cookie: [ '0.7.1' ],
564 silly audit   'cookie-signature': [ '1.0.6' ],
564 silly audit   debug: [ '2.6.9', '4.4.3' ],
564 silly audit   depd: [ '2.0.0' ],
564 silly audit   encodeurl: [ '2.0.0', '1.0.2' ],
564 silly audit   'escape-html': [ '1.0.3' ],
564 silly audit   etag: [ '1.8.1' ],
564 silly audit   finalhandler: [ '1.3.1' ],
564 silly audit   fresh: [ '0.5.2' ],
564 silly audit   'http-errors': [ '2.0.0' ],
564 silly audit   'merge-descriptors': [ '1.0.3' ],
564 silly audit   methods: [ '1.1.2' ],
564 silly audit   'on-finished': [ '2.4.1' ],
564 silly audit   parseurl: [ '1.3.3' ],
564 silly audit   'path-to-regexp': [ '0.1.12' ],
564 silly audit   'proxy-addr': [ '2.0.7' ],
564 silly audit   qs: [ '6.13.0' ],
564 silly audit   'range-parser': [ '1.2.1' ],
564 silly audit   'safe-buffer': [ '5.2.1' ],
564 silly audit   send: [ '0.19.0' ],
564 silly audit   'serve-static': [ '1.16.2' ],
564 silly audit   setprototypeof: [ '1.2.0' ],
564 silly audit   statuses: [ '2.0.1' ],
564 silly audit   'type-is': [ '1.6.18' ],
564 silly audit   'utils-merge': [ '1.0.1' ],
564 silly audit   'mime-types': [ '2.1.35' ],
564 silly audit   negotiator: [ '0.6.3' ],
564 silly audit   bytes: [ '3.1.2' ],
564 silly audit   destroy: [ '1.2.0' ],
564 silly audit   'iconv-lite': [ '0.4.24' ],
564 silly audit   'raw-body': [ '2.5.2' ],
564 silly audit   unpipe: [ '1.0.0' ],
564 silly audit   ms: [ '2.0.0', '2.1.3' ],
564 silly audit   inherits: [ '2.0.4' ],
564 silly audit   toidentifier: [ '1.0.1' ],
564 silly audit   'safer-buffer': [ '2.1.2' ],
564 silly audit   'mime-db': [ '1.52.0' ],
564 silly audit   chokidar: [ '3.6.0' ],
564 silly audit   'ignore-by-default': [ '1.0.1' ],
564 silly audit   minimatch: [ '3.1.2' ],
564 silly audit   'pstree.remy': [ '1.1.8' ],
564 silly audit   semver: [ '7.7.3' ],
564 silly audit   'simple-update-notifier': [ '2.0.0' ],
564 silly audit   'supports-color': [ '5.5.0' ],
564 silly audit   touch: [ '3.1.1' ],
564 silly audit   undefsafe: [ '2.0.5' ],
564 silly audit   anymatch: [ '3.1.3' ],
564 silly audit   braces: [ '3.0.3' ],
564 silly audit   fsevents: [ '2.3.3' ],
564 silly audit   'glob-parent': [ '5.1.2' ],
564 silly audit   'is-binary-path': [ '2.1.0' ],
564 silly audit   'is-glob': [ '4.0.3' ],
564 silly audit   'normalize-path': [ '3.0.0' ],
564 silly audit   readdirp: [ '3.6.0' ],
564 silly audit   picomatch: [ '2.3.1' ],
564 silly audit   'fill-range': [ '7.1.1' ],
564 silly audit   'to-regex-range': [ '5.0.1' ],
564 silly audit   'binary-extensions': [ '2.3.0' ],
564 silly audit   'is-extglob': [ '2.1.1' ],
564 silly audit   'brace-expansion': [ '1.1.12' ],
564 silly audit   'balanced-match': [ '1.0.2' ],
564 silly audit   'concat-map': [ '0.0.1' ],
564 silly audit   'ee-first': [ '1.1.1' ],
564 silly audit   forwarded: [ '0.2.0' ],
564 silly audit   'ipaddr.js': [ '1.9.1' ],
564 silly audit   'side-channel': [ '1.1.0' ],
564 silly audit   mime: [ '1.6.0' ],
564 silly audit   'es-errors': [ '1.3.0' ],
564 silly audit   'object-inspect': [ '1.13.4' ],
564 silly audit   'side-channel-list': [ '1.0.0' ],
564 silly audit   'side-channel-map': [ '1.0.1' ],
564 silly audit   'side-channel-weakmap': [ '1.0.2' ],
564 silly audit   'call-bound': [ '1.0.4' ],
564 silly audit   'get-intrinsic': [ '1.3.0' ],
564 silly audit   'call-bind-apply-helpers': [ '1.0.2' ],
564 silly audit   'function-bind': [ '1.1.2' ],
564 silly audit   'es-define-property': [ '1.0.1' ],
564 silly audit   'es-object-atoms': [ '1.1.1' ],
564 silly audit   'get-proto': [ '1.0.1' ],
564 silly audit   gopd: [ '1.2.0' ],
564 silly audit   'has-symbols': [ '1.1.0' ],
564 silly audit   hasown: [ '2.0.2' ],
564 silly audit   'math-intrinsics': [ '1.1.0' ],
564 silly audit   'dunder-proto': [ '1.0.1' ],
564 silly audit   'has-flag': [ '3.0.0' ],
564 silly audit   'is-number': [ '7.0.0' ],
564 silly audit   'media-typer': [ '0.3.0' ]
564 silly audit }
565 verbose reify failed optional dependency C:\Users\computer hub\Desktop\New folder\node_modules\fsevents
566 silly reify mark deleted [
566 silly reify   'C:\\Users\\computer hub\\Desktop\\New folder\\node_modules\\fsevents'
566 silly reify ]
567 http cache media-typer@https://registry.npmjs.org/media-typer/-/media-typer-0.3.0.tgz 0ms (cache hit)
568 http cache is-number@https://registry.npmjs.org/is-number/-/is-number-7.0.0.tgz 0ms (cache hit)
569 http cache has-flag@https://registry.npmjs.org/has-flag/-/has-flag-3.0.0.tgz 0ms (cache hit)
570 http cache dunder-proto@https://registry.npmjs.org/dunder-proto/-/dunder-proto-1.0.1.tgz 0ms (cache hit)
571 http cache math-intrinsics@https://registry.npmjs.org/math-intrinsics/-/math-intrinsics-1.1.0.tgz 0ms (cache hit)
572 http cache hasown@https://registry.npmjs.org/hasown/-/hasown-2.0.2.tgz 0ms (cache hit)
573 http cache has-symbols@https://registry.npmjs.org/has-symbols/-/has-symbols-1.1.0.tgz 0ms (cache hit)
574 http cache gopd@https://registry.npmjs.org/gopd/-/gopd-1.2.0.tgz 1ms (cache hit)
575 http cache get-proto@https://registry.npmjs.org/get-proto/-/get-proto-1.0.1.tgz 0ms (cache hit)
576 http cache es-object-atoms@https://registry.npmjs.org/es-object-atoms/-/es-object-atoms-1.1.1.tgz 0ms (cache hit)
577 http cache es-define-property@https://registry.npmjs.org/es-define-property/-/es-define-property-1.0.1.tgz 0ms (cache hit)
578 http cache function-bind@https://registry.npmjs.org/function-bind/-/function-bind-1.1.2.tgz 0ms (cache hit)
579 http cache call-bind-apply-helpers@https://registry.npmjs.org/call-bind-apply-helpers/-/call-bind-apply-helpers-1.0.2.tgz 0ms (cache hit)
580 http cache get-intrinsic@https://registry.npmjs.org/get-intrinsic/-/get-intrinsic-1.3.0.tgz 0ms (cache hit)
581 http cache call-bound@https://registry.npmjs.org/call-bound/-/call-bound-1.0.4.tgz 0ms (cache hit)
582 http cache side-channel-weakmap@https://registry.npmjs.org/side-channel-weakmap/-/side-channel-weakmap-1.0.2.tgz 0ms (cache hit)
583 http cache side-channel-map@https://registry.npmjs.org/side-channel-map/-/side-channel-map-1.0.1.tgz 0ms (cache hit)
584 http cache side-channel-list@https://registry.npmjs.org/side-channel-list/-/side-channel-list-1.0.0.tgz 0ms (cache hit)
585 http cache object-inspect@https://registry.npmjs.org/object-inspect/-/object-inspect-1.13.4.tgz 0ms (cache hit)
586 http cache es-errors@https://registry.npmjs.org/es-errors/-/es-errors-1.3.0.tgz 0ms (cache hit)
587 http cache mime@https://registry.npmjs.org/mime/-/mime-1.6.0.tgz 0ms (cache hit)
588 http cache side-channel@https://registry.npmjs.org/side-channel/-/side-channel-1.1.0.tgz 0ms (cache hit)
589 http cache ipaddr.js@https://registry.npmjs.org/ipaddr.js/-/ipaddr.js-1.9.1.tgz 1ms (cache hit)
590 http cache forwarded@https://registry.npmjs.org/forwarded/-/forwarded-0.2.0.tgz 0ms (cache hit)
591 http cache ee-first@https://registry.npmjs.org/ee-first/-/ee-first-1.1.1.tgz 1ms (cache hit)
592 http cache concat-map@https://registry.npmjs.org/concat-map/-/concat-map-0.0.1.tgz 0ms (cache hit)
593 http cache balanced-match@https://registry.npmjs.org/balanced-match/-/balanced-match-1.0.2.tgz 0ms (cache hit)
594 http cache brace-expansion@https://registry.npmjs.org/brace-expansion/-/brace-expansion-1.1.12.tgz 0ms (cache hit)
595 http cache is-extglob@https://registry.npmjs.org/is-extglob/-/is-extglob-2.1.1.tgz 0ms (cache hit)
596 http cache binary-extensions@https://registry.npmjs.org/binary-extensions/-/binary-extensions-2.3.0.tgz 0ms (cache hit)
597 http cache to-regex-range@https://registry.npmjs.org/to-regex-range/-/to-regex-range-5.0.1.tgz 0ms (cache hit)
598 http cache fill-range@https://registry.npmjs.org/fill-range/-/fill-range-7.1.1.tgz 0ms (cache hit)
599 http cache picomatch@https://registry.npmjs.org/picomatch/-/picomatch-2.3.1.tgz 0ms (cache hit)
600 http cache readdirp@https://registry.npmjs.org/readdirp/-/readdirp-3.6.0.tgz 0ms (cache hit)
601 http cache normalize-path@https://registry.npmjs.org/normalize-path/-/normalize-path-3.0.0.tgz 0ms (cache hit)
602 http cache is-glob@https://registry.npmjs.org/is-glob/-/is-glob-4.0.3.tgz 0ms (cache hit)
603 http cache is-binary-path@https://registry.npmjs.org/is-binary-path/-/is-binary-path-2.1.0.tgz 0ms (cache hit)
604 http cache glob-parent@https://registry.npmjs.org/glob-parent/-/glob-parent-5.1.2.tgz 0ms (cache hit)
605 http cache braces@https://registry.npmjs.org/braces/-/braces-3.0.3.tgz 0ms (cache hit)
606 http cache anymatch@https://registry.npmjs.org/anymatch/-/anymatch-3.1.3.tgz 0ms (cache hit)
607 http cache undefsafe@https://registry.npmjs.org/undefsafe/-/undefsafe-2.0.5.tgz 0ms (cache hit)
608 http cache touch@https://registry.npmjs.org/touch/-/touch-3.1.1.tgz 0ms (cache hit)
609 http cache supports-color@https://registry.npmjs.org/supports-color/-/supports-color-5.5.0.tgz 1ms (cache hit)
610 http cache simple-update-notifier@https://registry.npmjs.org/simple-update-notifier/-/simple-update-notifier-2.0.0.tgz 0ms (cache hit)
611 http cache semver@https://registry.npmjs.org/semver/-/semver-7.7.3.tgz 0ms (cache hit)
612 http cache pstree.remy@https://registry.npmjs.org/pstree.remy/-/pstree.remy-1.1.8.tgz 0ms (cache hit)
613 http cache minimatch@https://registry.npmjs.org/minimatch/-/minimatch-3.1.2.tgz 0ms (cache hit)
614 http cache ignore-by-default@https://registry.npmjs.org/ignore-by-default/-/ignore-by-default-1.0.1.tgz 0ms (cache hit)
615 http cache chokidar@https://registry.npmjs.org/chokidar/-/chokidar-3.6.0.tgz 0ms (cache hit)
616 http cache mime-db@https://registry.npmjs.org/mime-db/-/mime-db-1.52.0.tgz 0ms (cache hit)
617 http cache safer-buffer@https://registry.npmjs.org/safer-buffer/-/safer-buffer-2.1.2.tgz 0ms (cache hit)
618 http cache toidentifier@https://registry.npmjs.org/toidentifier/-/toidentifier-1.0.1.tgz 0ms (cache hit)
619 http cache inherits@https://registry.npmjs.org/inherits/-/inherits-2.0.4.tgz 0ms (cache hit)
620 http cache ms@https://registry.npmjs.org/ms/-/ms-2.0.0.tgz 0ms (cache hit)
621 http cache unpipe@https://registry.npmjs.org/unpipe/-/unpipe-1.0.0.tgz 0ms (cache hit)
622 http cache raw-body@https://registry.npmjs.org/raw-body/-/raw-body-2.5.2.tgz 0ms (cache hit)
623 http cache iconv-lite@https://registry.npmjs.org/iconv-lite/-/iconv-lite-0.4.24.tgz 0ms (cache hit)
624 http cache destroy@https://registry.npmjs.org/destroy/-/destroy-1.2.0.tgz 2ms (cache hit)
625 http cache bytes@https://registry.npmjs.org/bytes/-/bytes-3.1.2.tgz 0ms (cache hit)
626 http cache negotiator@https://registry.npmjs.org/negotiator/-/negotiator-0.6.3.tgz 0ms (cache hit)
627 http cache mime-types@https://registry.npmjs.org/mime-types/-/mime-types-2.1.35.tgz 0ms (cache hit)
628 http cache utils-merge@https://registry.npmjs.org/utils-merge/-/utils-merge-1.0.1.tgz 0ms (cache hit)
629 http cache type-is@https://registry.npmjs.org/type-is/-/type-is-1.6.18.tgz 0ms (cache hit)
630 http cache statuses@https://registry.npmjs.org/statuses/-/statuses-2.0.1.tgz 0ms (cache hit)
631 http cache setprototypeof@https://registry.npmjs.org/setprototypeof/-/setprototypeof-1.2.0.tgz 0ms (cache hit)
632 http cache serve-static@https://registry.npmjs.org/serve-static/-/serve-static-1.16.2.tgz 0ms (cache hit)
633 http cache send@https://registry.npmjs.org/send/-/send-0.19.0.tgz 0ms (cache hit)
634 http cache safe-buffer@https://registry.npmjs.org/safe-buffer/-/safe-buffer-5.2.1.tgz 0ms (cache hit)
635 http cache range-parser@https://registry.npmjs.org/range-parser/-/range-parser-1.2.1.tgz 0ms (cache hit)
636 http cache qs@https://registry.npmjs.org/qs/-/qs-6.13.0.tgz 0ms (cache hit)
637 http cache proxy-addr@https://registry.npmjs.org/proxy-addr/-/proxy-addr-2.0.7.tgz 0ms (cache hit)
638 http cache path-to-regexp@https://registry.npmjs.org/path-to-regexp/-/path-to-regexp-0.1.12.tgz 0ms (cache hit)
639 http cache parseurl@https://registry.npmjs.org/parseurl/-/parseurl-1.3.3.tgz 0ms (cache hit)
640 http cache on-finished@https://registry.npmjs.org/on-finished/-/on-finished-2.4.1.tgz 0ms (cache hit)
641 http cache methods@https://registry.npmjs.org/methods/-/methods-1.1.2.tgz 0ms (cache hit)
642 http cache merge-descriptors@https://registry.npmjs.org/merge-descriptors/-/merge-descriptors-1.0.3.tgz 0ms (cache hit)
643 http cache http-errors@https://registry.npmjs.org/http-errors/-/http-errors-2.0.0.tgz 0ms (cache hit)
644 http cache fresh@https://registry.npmjs.org/fresh/-/fresh-0.5.2.tgz 0ms (cache hit)
645 http cache finalhandler@https://registry.npmjs.org/finalhandler/-/finalhandler-1.3.1.tgz 0ms (cache hit)
646 http cache etag@https://registry.npmjs.org/etag/-/etag-1.8.1.tgz 0ms (cache hit)
647 http cache escape-html@https://registry.npmjs.org/escape-html/-/escape-html-1.0.3.tgz 0ms (cache hit)
648 http cache encodeurl@https://registry.npmjs.org/encodeurl/-/encodeurl-2.0.0.tgz 0ms (cache hit)
649 http cache depd@https://registry.npmjs.org/depd/-/depd-2.0.0.tgz 0ms (cache hit)
650 http cache debug@https://registry.npmjs.org/debug/-/debug-2.6.9.tgz 0ms (cache hit)
651 http cache cookie-signature@https://registry.npmjs.org/cookie-signature/-/cookie-signature-1.0.6.tgz 0ms (cache hit)
652 http cache cookie@https://registry.npmjs.org/cookie/-/cookie-0.7.1.tgz 0ms (cache hit)
653 http cache content-type@https://registry.npmjs.org/content-type/-/content-type-1.0.5.tgz 0ms (cache hit)
654 http cache content-disposition@https://registry.npmjs.org/content-disposition/-/content-disposition-0.5.4.tgz 0ms (cache hit)
655 http cache body-parser@https://registry.npmjs.org/body-parser/-/body-parser-1.20.3.tgz 0ms (cache hit)
656 http cache array-flatten@https://registry.npmjs.org/array-flatten/-/array-flatten-1.1.1.tgz 1ms (cache hit)
657 http cache accepts@https://registry.npmjs.org/accepts/-/accepts-1.3.8.tgz 0ms (cache hit)
658 http cache vary@https://registry.npmjs.org/vary/-/vary-1.1.2.tgz 0ms (cache hit)
659 http cache object-assign@https://registry.npmjs.org/object-assign/-/object-assign-4.1.1.tgz 0ms (cache hit)
660 http cache nodemon@https://registry.npmjs.org/nodemon/-/nodemon-3.1.10.tgz 0ms (cache hit)
661 http cache express@https://registry.npmjs.org/express/-/express-4.21.2.tgz 0ms (cache hit)
662 http cache dotenv@https://registry.npmjs.org/dotenv/-/dotenv-16.6.1.tgz 0ms (cache hit)
663 http cache cors@https://registry.npmjs.org/cors/-/cors-2.8.5.tgz 0ms (cache hit)
664 http cache ms@https://registry.npmjs.org/ms/-/ms-2.1.3.tgz 0ms (cache hit)
665 http cache encodeurl@https://registry.npmjs.org/encodeurl/-/encodeurl-1.0.2.tgz 0ms (cache hit)
666 http cache ms@https://registry.npmjs.org/ms/-/ms-2.1.3.tgz 0ms (cache hit)
667 http cache debug@https://registry.npmjs.org/debug/-/debug-4.4.3.tgz 0ms (cache hit)
668 silly tarball no local data for media-typer@https://registry.npmjs.org/media-typer/-/media-typer-0.3.0.tgz. Extracting by manifest.
669 silly tarball no local data for is-number@https://registry.npmjs.org/is-number/-/is-number-7.0.0.tgz. Extracting by manifest.
670 silly tarball no local data for has-flag@https://registry.npmjs.org/has-flag/-/has-flag-3.0.0.tgz. Extracting by manifest.
671 silly tarball no local data for dunder-proto@https://registry.npmjs.org/dunder-proto/-/dunder-proto-1.0.1.tgz. Extracting by manifest.
672 silly tarball no local data for math-intrinsics@https://registry.npmjs.org/math-intrinsics/-/math-intrinsics-1.1.0.tgz. Extracting by manifest.
673 silly tarball no local data for hasown@https://registry.npmjs.org/hasown/-/hasown-2.0.2.tgz. Extracting by manifest.
674 silly tarball no local data for has-symbols@https://registry.npmjs.org/has-symbols/-/has-symbols-1.1.0.tgz. Extracting by manifest.
675 silly tarball no local data for gopd@https://registry.npmjs.org/gopd/-/gopd-1.2.0.tgz. Extracting by manifest.
676 silly tarball no local data for get-proto@https://registry.npmjs.org/get-proto/-/get-proto-1.0.1.tgz. Extracting by manifest.
677 silly tarball no local data for es-object-atoms@https://registry.npmjs.org/es-object-atoms/-/es-object-atoms-1.1.1.tgz. Extracting by manifest.
678 silly tarball no local data for es-define-property@https://registry.npmjs.org/es-define-property/-/es-define-property-1.0.1.tgz. Extracting by manifest.
679 silly tarball no local data for function-bind@https://registry.npmjs.org/function-bind/-/function-bind-1.1.2.tgz. Extracting by manifest.
680 silly tarball no local data for call-bind-apply-helpers@https://registry.npmjs.org/call-bind-apply-helpers/-/call-bind-apply-helpers-1.0.2.tgz. Extracting by manifest.
681 silly tarball no local data for get-intrinsic@https://registry.npmjs.org/get-intrinsic/-/get-intrinsic-1.3.0.tgz. Extracting by manifest.
682 silly tarball no local data for call-bound@https://registry.npmjs.org/call-bound/-/call-bound-1.0.4.tgz. Extracting by manifest.
683 silly tarball no local data for side-channel-weakmap@https://registry.npmjs.org/side-channel-weakmap/-/side-channel-weakmap-1.0.2.tgz. Extracting by manifest.
684 silly tarball no local data for side-channel-map@https://registry.npmjs.org/side-channel-map/-/side-channel-map-1.0.1.tgz. Extracting by manifest.
685 silly tarball no local data for side-channel-list@https://registry.npmjs.org/side-channel-list/-/side-channel-list-1.0.0.tgz. Extracting by manifest.
686 silly tarball no local data for object-inspect@https://registry.npmjs.org/object-inspect/-/object-inspect-1.13.4.tgz. Extracting by manifest.
687 silly tarball no local data for es-errors@https://registry.npmjs.org/es-errors/-/es-errors-1.3.0.tgz. Extracting by manifest.
688 silly tarball no local data for mime@https://registry.npmjs.org/mime/-/mime-1.6.0.tgz. Extracting by manifest.
689 silly tarball no local data for side-channel@https://registry.npmjs.org/side-channel/-/side-channel-1.1.0.tgz. Extracting by manifest.
690 silly tarball no local data for ipaddr.js@https://registry.npmjs.org/ipaddr.js/-/ipaddr.js-1.9.1.tgz. Extracting by manifest.
691 silly tarball no local data for forwarded@https://registry.npmjs.org/forwarded/-/forwarded-0.2.0.tgz. Extracting by manifest.
692 silly tarball no local data for ee-first@https://registry.npmjs.org/ee-first/-/ee-first-1.1.1.tgz. Extracting by manifest.
693 silly tarball no local data for concat-map@https://registry.npmjs.org/concat-map/-/concat-map-0.0.1.tgz. Extracting by manifest.
694 silly tarball no local data for balanced-match@https://registry.npmjs.org/balanced-match/-/balanced-match-1.0.2.tgz. Extracting by manifest.
695 silly tarball no local data for brace-expansion@https://registry.npmjs.org/brace-expansion/-/brace-expansion-1.1.12.tgz. Extracting by manifest.
696 silly tarball no local data for is-extglob@https://registry.npmjs.org/is-extglob/-/is-extglob-2.1.1.tgz. Extracting by manifest.
697 silly tarball no local data for binary-extensions@https://registry.npmjs.org/binary-extensions/-/binary-extensions-2.3.0.tgz. Extracting by manifest.
698 silly tarball no local data for to-regex-range@https://registry.npmjs.org/to-regex-range/-/to-regex-range-5.0.1.tgz. Extracting by manifest.
699 silly tarball no local data for fill-range@https://registry.npmjs.org/fill-range/-/fill-range-7.1.1.tgz. Extracting by manifest.
700 silly tarball no local data for picomatch@https://registry.npmjs.org/picomatch/-/picomatch-2.3.1.tgz. Extracting by manifest.
701 silly tarball no local data for readdirp@https://registry.npmjs.org/readdirp/-/readdirp-3.6.0.tgz. Extracting by manifest.
702 silly tarball no local data for normalize-path@https://registry.npmjs.org/normalize-path/-/normalize-path-3.0.0.tgz. Extracting by manifest.
703 silly tarball no local data for is-glob@https://registry.npmjs.org/is-glob/-/is-glob-4.0.3.tgz. Extracting by manifest.
704 silly tarball no local data for is-binary-path@https://registry.npmjs.org/is-binary-path/-/is-binary-path-2.1.0.tgz. Extracting by manifest.
705 silly tarball no local data for glob-parent@https://registry.npmjs.org/glob-parent/-/glob-parent-5.1.2.tgz. Extracting by manifest.
706 silly tarball no local data for braces@https://registry.npmjs.org/braces/-/braces-3.0.3.tgz. Extracting by manifest.
707 silly tarball no local data for anymatch@https://registry.npmjs.org/anymatch/-/anymatch-3.1.3.tgz. Extracting by manifest.
708 silly tarball no local data for undefsafe@https://registry.npmjs.org/undefsafe/-/undefsafe-2.0.5.tgz. Extracting by manifest.
709 silly tarball no local data for touch@https://registry.npmjs.org/touch/-/touch-3.1.1.tgz. Extracting by manifest.
710 silly tarball no local data for supports-color@https://registry.npmjs.org/supports-color/-/supports-color-5.5.0.tgz. Extracting by manifest.
711 silly tarball no local data for simple-update-notifier@https://registry.npmjs.org/simple-update-notifier/-/simple-update-notifier-2.0.0.tgz. Extracting by manifest.
712 silly tarball no local data for semver@https://registry.npmjs.org/semver/-/semver-7.7.3.tgz. Extracting by manifest.
713 silly tarball no local data for pstree.remy@https://registry.npmjs.org/pstree.remy/-/pstree.remy-1.1.8.tgz. Extracting by manifest.
714 silly tarball no local data for minimatch@https://registry.npmjs.org/minimatch/-/minimatch-3.1.2.tgz. Extracting by manifest.
715 silly tarball no local data for ignore-by-default@https://registry.npmjs.org/ignore-by-default/-/ignore-by-default-1.0.1.tgz. Extracting by manifest.
716 silly tarball no local data for chokidar@https://registry.npmjs.org/chokidar/-/chokidar-3.6.0.tgz. Extracting by manifest.
717 silly tarball no local data for mime-db@https://registry.npmjs.org/mime-db/-/mime-db-1.52.0.tgz. Extracting by manifest.
718 silly tarball no local data for safer-buffer@https://registry.npmjs.org/safer-buffer/-/safer-buffer-2.1.2.tgz. Extracting by manifest.
719 silly tarball no local data for toidentifier@https://registry.npmjs.org/toidentifier/-/toidentifier-1.0.1.tgz. Extracting by manifest.
720 silly tarball no local data for inherits@https://registry.npmjs.org/inherits/-/inherits-2.0.4.tgz. Extracting by manifest.
721 silly tarball no local data for ms@https://registry.npmjs.org/ms/-/ms-2.0.0.tgz. Extracting by manifest.
722 silly tarball no local data for unpipe@https://registry.npmjs.org/unpipe/-/unpipe-1.0.0.tgz. Extracting by manifest.
723 silly tarball no local data for raw-body@https://registry.npmjs.org/raw-body/-/raw-body-2.5.2.tgz. Extracting by manifest.
724 silly tarball no local data for iconv-lite@https://registry.npmjs.org/iconv-lite/-/iconv-lite-0.4.24.tgz. Extracting by manifest.
725 silly tarball no local data for destroy@https://registry.npmjs.org/destroy/-/destroy-1.2.0.tgz. Extracting by manifest.
726 silly tarball no local data for bytes@https://registry.npmjs.org/bytes/-/bytes-3.1.2.tgz. Extracting by manifest.
727 silly tarball no local data for negotiator@https://registry.npmjs.org/negotiator/-/negotiator-0.6.3.tgz. Extracting by manifest.
728 silly tarball no local data for mime-types@https://registry.npmjs.org/mime-types/-/mime-types-2.1.35.tgz. Extracting by manifest.
729 silly tarball no local data for utils-merge@https://registry.npmjs.org/utils-merge/-/utils-merge-1.0.1.tgz. Extracting by manifest.
730 silly tarball no local data for type-is@https://registry.npmjs.org/type-is/-/type-is-1.6.18.tgz. Extracting by manifest.
731 silly tarball no local data for statuses@https://registry.npmjs.org/statuses/-/statuses-2.0.1.tgz. Extracting by manifest.
732 silly tarball no local data for setprototypeof@https://registry.npmjs.org/setprototypeof/-/setprototypeof-1.2.0.tgz. Extracting by manifest.
733 silly tarball no local data for serve-static@https://registry.npmjs.org/serve-static/-/serve-static-1.16.2.tgz. Extracting by manifest.
734 silly tarball no local data for send@https://registry.npmjs.org/send/-/send-0.19.0.tgz. Extracting by manifest.
735 silly tarball no local data for safe-buffer@https://registry.npmjs.org/safe-buffer/-/safe-buffer-5.2.1.tgz. Extracting by manifest.
736 silly tarball no local data for range-parser@https://registry.npmjs.org/range-parser/-/range-parser-1.2.1.tgz. Extracting by manifest.
737 silly tarball no local data for qs@https://registry.npmjs.org/qs/-/qs-6.13.0.tgz. Extracting by manifest.
738 silly tarball no local data for proxy-addr@https://registry.npmjs.org/proxy-addr/-/proxy-addr-2.0.7.tgz. Extracting by manifest.
739 silly tarball no local data for path-to-regexp@https://registry.npmjs.org/path-to-regexp/-/path-to-regexp-0.1.12.tgz. Extracting by manifest.
740 silly tarball no local data for parseurl@https://registry.npmjs.org/parseurl/-/parseurl-1.3.3.tgz. Extracting by manifest.
741 silly tarball no local data for on-finished@https://registry.npmjs.org/on-finished/-/on-finished-2.4.1.tgz. Extracting by manifest.
742 silly tarball no local data for methods@https://registry.npmjs.org/methods/-/methods-1.1.2.tgz. Extracting by manifest.
743 silly tarball no local data for merge-descriptors@https://registry.npmjs.org/merge-descriptors/-/merge-descriptors-1.0.3.tgz. Extracting by manifest.
744 silly tarball no local data for http-errors@https://registry.npmjs.org/http-errors/-/http-errors-2.0.0.tgz. Extracting by manifest.
745 silly tarball no local data for fresh@https://registry.npmjs.org/fresh/-/fresh-0.5.2.tgz. Extracting by manifest.
746 silly tarball no local data for finalhandler@https://registry.npmjs.org/finalhandler/-/finalhandler-1.3.1.tgz. Extracting by manifest.
747 silly tarball no local data for etag@https://registry.npmjs.org/etag/-/etag-1.8.1.tgz. Extracting by manifest.
748 silly tarball no local data for escape-html@https://registry.npmjs.org/escape-html/-/escape-html-1.0.3.tgz. Extracting by manifest.
749 silly tarball no local data for encodeurl@https://registry.npmjs.org/encodeurl/-/encodeurl-2.0.0.tgz. Extracting by manifest.
750 silly tarball no local data for depd@https://registry.npmjs.org/depd/-/depd-2.0.0.tgz. Extracting by manifest.
751 silly tarball no local data for debug@https://registry.npmjs.org/debug/-/debug-2.6.9.tgz. Extracting by manifest.
752 silly tarball no local data for cookie-signature@https://registry.npmjs.org/cookie-signature/-/cookie-signature-1.0.6.tgz. Extracting by manifest.
753 silly tarball no local data for cookie@https://registry.npmjs.org/cookie/-/cookie-0.7.1.tgz. Extracting by manifest.
754 silly tarball no local data for content-type@https://registry.npmjs.org/content-type/-/content-type-1.0.5.tgz. Extracting by manifest.
755 silly tarball no local data for content-disposition@https://registry.npmjs.org/content-disposition/-/content-disposition-0.5.4.tgz. Extracting by manifest.
756 silly tarball no local data for body-parser@https://registry.npmjs.org/body-parser/-/body-parser-1.20.3.tgz. Extracting by manifest.
757 silly tarball no local data for array-flatten@https://registry.npmjs.org/array-flatten/-/array-flatten-1.1.1.tgz. Extracting by manifest.
758 silly tarball no local data for accepts@https://registry.npmjs.org/accepts/-/accepts-1.3.8.tgz. Extracting by manifest.
759 silly tarball no local data for vary@https://registry.npmjs.org/vary/-/vary-1.1.2.tgz. Extracting by manifest.
760 silly tarball no local data for object-assign@https://registry.npmjs.org/object-assign/-/object-assign-4.1.1.tgz. Extracting by manifest.
761 silly tarball no local data for nodemon@https://registry.npmjs.org/nodemon/-/nodemon-3.1.10.tgz. Extracting by manifest.
762 silly tarball no local data for express@https://registry.npmjs.org/express/-/express-4.21.2.tgz. Extracting by manifest.
763 silly tarball no local data for dotenv@https://registry.npmjs.org/dotenv/-/dotenv-16.6.1.tgz. Extracting by manifest.
764 silly tarball no local data for cors@https://registry.npmjs.org/cors/-/cors-2.8.5.tgz. Extracting by manifest.
765 silly tarball no local data for ms@https://registry.npmjs.org/ms/-/ms-2.1.3.tgz. Extracting by manifest.
766 silly tarball no local data for encodeurl@https://registry.npmjs.org/encodeurl/-/encodeurl-1.0.2.tgz. Extracting by manifest.
767 silly tarball no local data for ms@https://registry.npmjs.org/ms/-/ms-2.1.3.tgz. Extracting by manifest.
768 silly tarball no local data for debug@https://registry.npmjs.org/debug/-/debug-4.4.3.tgz. Extracting by manifest.
769 http fetch POST 200 https://registry.npmjs.org/-/npm/v1/security/advisories/bulk 928ms
770 silly audit report {}
771 http fetch GET 200 https://registry.npmjs.org/media-typer/-/media-typer-0.3.0.tgz 5720ms (cache miss)
772 http fetch GET 200 https://registry.npmjs.org/is-number/-/is-number-7.0.0.tgz 6187ms (cache miss)
773 http fetch GET 200 https://registry.npmjs.org/side-channel-list/-/side-channel-list-1.0.0.tgz 6516ms (cache miss)
774 http fetch GET 200 https://registry.npmjs.org/side-channel-map/-/side-channel-map-1.0.1.tgz 7356ms (cache miss)
775 http fetch GET 200 https://registry.npmjs.org/anymatch/-/anymatch-3.1.3.tgz 7754ms (cache miss)
776 http fetch GET 200 https://registry.npmjs.org/has-flag/-/has-flag-3.0.0.tgz 8198ms (cache miss)
777 http fetch GET 200 https://registry.npmjs.org/ee-first/-/ee-first-1.1.1.tgz 8139ms (cache miss)
778 http fetch GET 200 https://registry.npmjs.org/ipaddr.js/-/ipaddr.js-1.9.1.tgz 8305ms (cache miss)
779 http fetch GET 200 https://registry.npmjs.org/es-errors/-/es-errors-1.3.0.tgz 8377ms (cache miss)
780 http fetch GET 200 https://registry.npmjs.org/mime/-/mime-1.6.0.tgz 8387ms (cache miss)
781 http fetch GET 200 https://registry.npmjs.org/is-binary-path/-/is-binary-path-2.1.0.tgz 8437ms (cache miss)
782 http fetch GET 200 https://registry.npmjs.org/forwarded/-/forwarded-0.2.0.tgz 8655ms (cache miss)
783 http fetch GET 200 https://registry.npmjs.org/ignore-by-default/-/ignore-by-default-1.0.1.tgz 8614ms (cache miss)
784 http fetch GET 200 https://registry.npmjs.org/toidentifier/-/toidentifier-1.0.1.tgz 8612ms (cache miss)
785 http fetch GET 200 https://registry.npmjs.org/ms/-/ms-2.0.0.tgz 8630ms (cache miss)
786 http fetch GET 200 https://registry.npmjs.org/encodeurl/-/encodeurl-2.0.0.tgz 9068ms (cache miss)
787 http fetch GET 200 https://registry.npmjs.org/cookie-signature/-/cookie-signature-1.0.6.tgz 9184ms (cache miss)
788 http fetch GET 200 https://registry.npmjs.org/brace-expansion/-/brace-expansion-1.1.12.tgz 9370ms (cache miss)
789 http fetch GET 200 https://registry.npmjs.org/normalize-path/-/normalize-path-3.0.0.tgz 9371ms (cache miss)
790 http fetch GET 200 https://registry.npmjs.org/supports-color/-/supports-color-5.5.0.tgz 9414ms (cache miss)
791 http fetch GET 200 https://registry.npmjs.org/balanced-match/-/balanced-match-1.0.2.tgz 9454ms (cache miss)
792 http fetch GET 200 https://registry.npmjs.org/utils-merge/-/utils-merge-1.0.1.tgz 9415ms (cache miss)
793 http fetch GET 200 https://registry.npmjs.org/safe-buffer/-/safe-buffer-5.2.1.tgz 9913ms (cache miss)
794 http fetch GET 200 https://registry.npmjs.org/destroy/-/destroy-1.2.0.tgz 9977ms (cache miss)
795 http fetch GET 200 https://registry.npmjs.org/unpipe/-/unpipe-1.0.0.tgz 9982ms (cache miss)
796 http fetch GET 200 https://registry.npmjs.org/is-extglob/-/is-extglob-2.1.1.tgz 10030ms (cache miss)
797 http fetch GET 200 https://registry.npmjs.org/is-glob/-/is-glob-4.0.3.tgz 10442ms (cache miss)
798 http fetch GET 200 https://registry.npmjs.org/glob-parent/-/glob-parent-5.1.2.tgz 10448ms (cache miss)
799 http fetch GET 200 https://registry.npmjs.org/inherits/-/inherits-2.0.4.tgz 10432ms (cache miss)
800 http fetch GET 200 https://registry.npmjs.org/path-to-regexp/-/path-to-regexp-0.1.12.tgz 10874ms (cache miss)
801 http fetch GET 200 https://registry.npmjs.org/array-flatten/-/array-flatten-1.1.1.tgz 10888ms (cache miss)
802 http fetch GET 200 https://registry.npmjs.org/cors/-/cors-2.8.5.tgz 10837ms (cache miss)
803 http fetch GET 200 https://registry.npmjs.org/ms/-/ms-2.1.3.tgz 10833ms (cache miss)
804 http fetch GET 200 https://registry.npmjs.org/touch/-/touch-3.1.1.tgz 11067ms (cache miss)
805 http fetch GET 200 https://registry.npmjs.org/fresh/-/fresh-0.5.2.tgz 11206ms (cache miss)
806 http fetch GET 200 https://registry.npmjs.org/escape-html/-/escape-html-1.0.3.tgz 11205ms (cache miss)
807 http fetch GET 200 https://registry.npmjs.org/parseurl/-/parseurl-1.3.3.tgz 11286ms (cache miss)
808 http fetch GET 200 https://registry.npmjs.org/bytes/-/bytes-3.1.2.tgz 11401ms (cache miss)
809 http fetch GET 200 https://registry.npmjs.org/range-parser/-/range-parser-1.2.1.tgz 11530ms (cache miss)
810 http fetch GET 200 https://registry.npmjs.org/type-is/-/type-is-1.6.18.tgz 11590ms (cache miss)
811 http fetch GET 200 https://registry.npmjs.org/merge-descriptors/-/merge-descriptors-1.0.3.tgz 11527ms (cache miss)
812 http fetch GET 200 https://registry.npmjs.org/methods/-/methods-1.1.2.tgz 11529ms (cache miss)
813 http fetch GET 200 https://registry.npmjs.org/vary/-/vary-1.1.2.tgz 11468ms (cache miss)
814 http fetch GET 200 https://registry.npmjs.org/encodeurl/-/encodeurl-1.0.2.tgz 11412ms (cache miss)
815 http fetch GET 200 https://registry.npmjs.org/ms/-/ms-2.1.3.tgz 11415ms (cache miss)
816 http fetch GET 200 https://registry.npmjs.org/setprototypeof/-/setprototypeof-1.2.0.tgz 11600ms (cache miss)
817 http fetch GET 200 https://registry.npmjs.org/content-type/-/content-type-1.0.5.tgz 11491ms (cache miss)
818 http fetch GET 200 https://registry.npmjs.org/object-assign/-/object-assign-4.1.1.tgz 11486ms (cache miss)
819 http fetch GET 200 https://registry.npmjs.org/fill-range/-/fill-range-7.1.1.tgz 11695ms (cache miss)
820 http fetch GET 200 https://registry.npmjs.org/binary-extensions/-/binary-extensions-2.3.0.tgz 16049ms (cache miss)
821 http fetch GET 200 https://registry.npmjs.org/statuses/-/statuses-2.0.1.tgz 16008ms (cache miss)
822 http fetch GET 200 https://registry.npmjs.org/send/-/send-0.19.0.tgz 17048ms (cache miss)
823 http fetch GET 200 https://registry.npmjs.org/mime-types/-/mime-types-2.1.35.tgz 17101ms (cache miss)
824 http fetch GET 200 https://registry.npmjs.org/concat-map/-/concat-map-0.0.1.tgz 17161ms (cache miss)
825 http fetch GET 200 https://registry.npmjs.org/depd/-/depd-2.0.0.tgz 16991ms (cache miss)
826 http fetch GET 200 https://registry.npmjs.org/readdirp/-/readdirp-3.6.0.tgz 20686ms (cache miss)
827 http fetch GET 200 https://registry.npmjs.org/etag/-/etag-1.8.1.tgz 21856ms (cache miss)
828 http fetch GET 200 https://registry.npmjs.org/finalhandler/-/finalhandler-1.3.1.tgz 21858ms (cache miss)
829 http fetch GET 200 https://registry.npmjs.org/to-regex-range/-/to-regex-range-5.0.1.tgz 22018ms (cache miss)
830 http fetch GET 200 https://registry.npmjs.org/raw-body/-/raw-body-2.5.2.tgz 21978ms (cache miss)
831 http fetch GET 200 https://registry.npmjs.org/minimatch/-/minimatch-3.1.2.tgz 22023ms (cache miss)
832 http fetch GET 200 https://registry.npmjs.org/on-finished/-/on-finished-2.4.1.tgz 22524ms (cache miss)
833 http fetch GET 200 https://registry.npmjs.org/accepts/-/accepts-1.3.8.tgz 22488ms (cache miss)
834 http fetch GET 200 https://registry.npmjs.org/cookie/-/cookie-0.7.1.tgz 22516ms (cache miss)
835 http fetch GET 200 https://registry.npmjs.org/http-errors/-/http-errors-2.0.0.tgz 22658ms (cache miss)
836 http fetch GET 200 https://registry.npmjs.org/proxy-addr/-/proxy-addr-2.0.7.tgz 23375ms (cache miss)
837 http fetch GET 200 https://registry.npmjs.org/content-disposition/-/content-disposition-0.5.4.tgz 23331ms (cache miss)
838 http fetch GET 200 https://registry.npmjs.org/serve-static/-/serve-static-1.16.2.tgz 24583ms (cache miss)
839 http fetch GET 200 https://registry.npmjs.org/hasown/-/hasown-2.0.2.tgz 24761ms (cache miss)
840 http fetch GET 200 https://registry.npmjs.org/negotiator/-/negotiator-0.6.3.tgz 25215ms (cache miss)
841 http fetch GET 200 https://registry.npmjs.org/undefsafe/-/undefsafe-2.0.5.tgz 25998ms (cache miss)
842 http fetch GET 200 https://registry.npmjs.org/call-bound/-/call-bound-1.0.4.tgz 26080ms (cache miss)
843 http fetch GET 200 https://registry.npmjs.org/es-define-property/-/es-define-property-1.0.1.tgz 26262ms (cache miss)
844 http fetch GET 200 https://registry.npmjs.org/braces/-/braces-3.0.3.tgz 26215ms (cache miss)
845 http fetch GET 200 https://registry.npmjs.org/side-channel-weakmap/-/side-channel-weakmap-1.0.2.tgz 26291ms (cache miss)
846 http fetch GET 200 https://registry.npmjs.org/side-channel/-/side-channel-1.1.0.tgz 27239ms (cache miss)
847 http fetch GET 200 https://registry.npmjs.org/gopd/-/gopd-1.2.0.tgz 27341ms (cache miss)
848 http fetch GET 200 https://registry.npmjs.org/get-intrinsic/-/get-intrinsic-1.3.0.tgz 27347ms (cache miss)
849 http fetch GET 200 https://registry.npmjs.org/safer-buffer/-/safer-buffer-2.1.2.tgz 27257ms (cache miss)
850 http fetch GET 200 https://registry.npmjs.org/mime-db/-/mime-db-1.52.0.tgz 27483ms (cache miss)
851 http fetch GET 200 https://registry.npmjs.org/pstree.remy/-/pstree.remy-1.1.8.tgz 27504ms (cache miss)
852 http fetch GET 200 https://registry.npmjs.org/function-bind/-/function-bind-1.1.2.tgz 28365ms (cache miss)
853 http fetch GET 200 https://registry.npmjs.org/debug/-/debug-4.4.3.tgz 28178ms (cache miss)
854 http fetch GET 200 https://registry.npmjs.org/get-proto/-/get-proto-1.0.1.tgz 29574ms (cache miss)
855 http fetch GET 200 https://registry.npmjs.org/chokidar/-/chokidar-3.6.0.tgz 29545ms (cache miss)
856 http fetch GET 200 https://registry.npmjs.org/dotenv/-/dotenv-16.6.1.tgz 29361ms (cache miss)
857 http fetch GET 200 https://registry.npmjs.org/es-object-atoms/-/es-object-atoms-1.1.1.tgz 29689ms (cache miss)
858 http fetch GET 200 https://registry.npmjs.org/dunder-proto/-/dunder-proto-1.0.1.tgz 29709ms (cache miss)
859 http fetch GET 200 https://registry.npmjs.org/simple-update-notifier/-/simple-update-notifier-2.0.0.tgz 29891ms (cache miss)
860 http fetch GET 200 https://registry.npmjs.org/picomatch/-/picomatch-2.3.1.tgz 30144ms (cache miss)
861 http fetch GET 200 https://registry.npmjs.org/body-parser/-/body-parser-1.20.3.tgz 30090ms (cache miss)
862 http fetch GET 200 https://registry.npmjs.org/has-symbols/-/has-symbols-1.1.0.tgz 30527ms (cache miss)
863 http fetch GET 200 https://registry.npmjs.org/call-bind-apply-helpers/-/call-bind-apply-helpers-1.0.2.tgz 30924ms (cache miss)
864 http fetch GET 200 https://registry.npmjs.org/debug/-/debug-2.6.9.tgz 31663ms (cache miss)
865 http fetch GET 200 https://registry.npmjs.org/qs/-/qs-6.13.0.tgz 31722ms (cache miss)
866 http fetch GET 200 https://registry.npmjs.org/express/-/express-4.21.2.tgz 32305ms (cache miss)
867 http fetch GET 200 https://registry.npmjs.org/object-inspect/-/object-inspect-1.13.4.tgz 32975ms (cache miss)
868 http fetch GET 200 https://registry.npmjs.org/math-intrinsics/-/math-intrinsics-1.1.0.tgz 33082ms (cache miss)
869 http fetch GET 200 https://registry.npmjs.org/iconv-lite/-/iconv-lite-0.4.24.tgz 33054ms (cache miss)
870 http fetch GET 200 https://registry.npmjs.org/nodemon/-/nodemon-3.1.10.tgz 32998ms (cache miss)
871 http fetch GET 200 https://registry.npmjs.org/semver/-/semver-7.7.3.tgz 33288ms (cache miss)
872 silly ADD node_modules/media-typer
873 silly ADD node_modules/is-number
874 silly ADD node_modules/has-flag
875 silly ADD node_modules/dunder-proto
876 silly ADD node_modules/math-intrinsics
877 silly ADD node_modules/hasown
878 silly ADD node_modules/has-symbols
879 silly ADD node_modules/gopd
880 silly ADD node_modules/get-proto
881 silly ADD node_modules/es-object-atoms
882 silly ADD node_modules/es-define-property
883 silly ADD node_modules/function-bind
884 silly ADD node_modules/call-bind-apply-helpers
885 silly ADD node_modules/get-intrinsic
886 silly ADD node_modules/call-bound
887 silly ADD node_modules/side-channel-weakmap
888 silly ADD node_modules/side-channel-map
889 silly ADD node_modules/side-channel-list
890 silly ADD node_modules/object-inspect
891 silly ADD node_modules/es-errors
892 silly ADD node_modules/mime
893 silly ADD node_modules/side-channel
894 silly ADD node_modules/ipaddr.js
895 silly ADD node_modules/forwarded
896 silly ADD node_modules/ee-first
897 silly ADD node_modules/concat-map
898 silly ADD node_modules/balanced-match
899 silly ADD node_modules/brace-expansion
900 silly ADD node_modules/is-extglob
901 silly ADD node_modules/binary-extensions
902 silly ADD node_modules/to-regex-range
903 silly ADD node_modules/fill-range
904 silly ADD node_modules/picomatch
905 silly ADD node_modules/readdirp
906 silly ADD node_modules/normalize-path
907 silly ADD node_modules/is-glob
908 silly ADD node_modules/is-binary-path
909 silly ADD node_modules/glob-parent
910 silly ADD node_modules/fsevents
911 silly ADD node_modules/braces
912 silly ADD node_modules/anymatch
913 silly ADD node_modules/undefsafe
914 silly ADD node_modules/touch
915 silly ADD node_modules/supports-color
916 silly ADD node_modules/simple-update-notifier
917 silly ADD node_modules/semver
918 silly ADD node_modules/pstree.remy
919 silly ADD node_modules/minimatch
920 silly ADD node_modules/ignore-by-default
921 silly ADD node_modules/chokidar
922 silly ADD node_modules/mime-db
923 silly ADD node_modules/safer-buffer
924 silly ADD node_modules/toidentifier
925 silly ADD node_modules/inherits
926 silly ADD node_modules/ms
927 silly ADD node_modules/unpipe
928 silly ADD node_modules/raw-body
929 silly ADD node_modules/iconv-lite
930 silly ADD node_modules/destroy
931 silly ADD node_modules/bytes
932 silly ADD node_modules/negotiator
933 silly ADD node_modules/mime-types
934 silly ADD node_modules/utils-merge
935 silly ADD node_modules/type-is
936 silly ADD node_modules/statuses
937 silly ADD node_modules/setprototypeof
938 silly ADD node_modules/serve-static
939 silly ADD node_modules/send
940 silly ADD node_modules/send/node_modules/ms
941 silly ADD node_modules/send/node_modules/encodeurl
942 silly ADD node_modules/safe-buffer
943 silly ADD node_modules/range-parser
944 silly ADD node_modules/qs
945 silly ADD node_modules/proxy-addr
946 silly ADD node_modules/path-to-regexp
947 silly ADD node_modules/parseurl
948 silly ADD node_modules/on-finished
949 silly ADD node_modules/methods
950 silly ADD node_modules/merge-descriptors
951 silly ADD node_modules/http-errors
952 silly ADD node_modules/fresh
953 silly ADD node_modules/finalhandler
954 silly ADD node_modules/etag
955 silly ADD node_modules/escape-html
956 silly ADD node_modules/encodeurl
957 silly ADD node_modules/depd
958 silly ADD node_modules/debug
959 silly ADD node_modules/cookie-signature
960 silly ADD node_modules/cookie
961 silly ADD node_modules/content-type
962 silly ADD node_modules/content-disposition
963 silly ADD node_modules/body-parser
964 silly ADD node_modules/array-flatten
965 silly ADD node_modules/accepts
966 silly ADD node_modules/vary
967 silly ADD node_modules/object-assign
968 silly ADD node_modules/nodemon
969 silly ADD node_modules/nodemon/node_modules/ms
970 silly ADD node_modules/nodemon/node_modules/debug
971 silly ADD node_modules/express
972 silly ADD node_modules/dotenv
973 silly ADD node_modules/cors
974 verbose cwd C:\Users\computer hub\Desktop\New folder
975 verbose os Windows_NT 10.0.22631
976 verbose node v22.14.0
977 verbose npm  v11.6.0
978 notice
978 notice New [36mpatch[39m version of npm available! [36m11.6.0[39m -> [34m11.6.2[39m
978 notice Changelog: [34mhttps://github.com/npm/cli/releases/tag/v11.6.2[39m
978 notice To update run: [4mnpm install -g npm@11.6.2[24m
978 notice  { force: true, [Symbol(proc-log.meta)]: true }
979 verbose exit 0
980 info ok
